[0.081s] colcon DEBUG Command line arguments: ['/usr/bin/colcon', 'list', '-p', '--base-paths', '/home/dj/robotics/CurveFitting']
[0.081s] colcon DEBUG Parsed command line arguments: Namespace(log_base=None, log_level=None, verb_name='list', build_base='build', ignore_user_meta=False, metas=['./colcon.meta'], base_paths=['/home/dj/robotics/CurveFitting'], packages_ignore=None, packages_ignore_regex=None, paths=None, packages_up_to=None, packages_up_to_regex=None, packages_above=None, packages_above_and_dependencies=None, packages_above_depth=None, packages_select_by_dep=None, packages_skip_by_dep=None, packages_skip_up_to=None, packages_select_build_failed=False, packages_skip_build_finished=False, packages_select_test_failures=False, packages_skip_test_passed=False, packages_select=None, packages_skip=None, packages_select_regex=None, packages_skip_regex=None, packages_start=None, packages_end=None, allow_overriding=[], topological_order=False, names_only=False, paths_only=True, topological_graph=False, topological_graph_dot=False, topological_graph_density=False, topological_graph_legend=False, topological_graph_dot_cluster=False, topological_graph_dot_include_skipped=False, mixin_files=None, mixin=None, verb_parser=<colcon_mixin.mixin.mixin_argument.MixinArgumentDecorator object at 0x76b73a28afe0>, verb_extension=<colcon_package_information.verb.list.ListVerb object at 0x76b73a23c340>, main=<bound method ListVerb.main of <colcon_package_information.verb.list.ListVerb object at 0x76b73a23c340>>, mixin_verb=('list',))
[0.221s] colcon.colcon_core.package_discovery Level 1 discover_packages(colcon_meta) check parameters
[0.221s] colcon.colcon_core.package_discovery Level 1 discover_packages(recursive) check parameters
[0.221s] colcon.colcon_core.package_discovery Level 1 discover_packages(ignore) check parameters
[0.221s] colcon.colcon_core.package_discovery Level 1 discover_packages(path) check parameters
[0.221s] colcon.colcon_core.package_discovery Level 1 discover_packages(recursive) discover
[0.221s] colcon.colcon_core.package_discovery INFO Crawling recursively for packages in '/home/dj/robotics/CurveFitting'
[0.221s] colcon.colcon_core.package_identification Level 1 _identify(/home/dj/robotics/CurveFitting) by extensions ['ignore', 'ignore_ament_install']
[0.221s] colcon.colcon_core.package_identification Level 1 _identify(/home/dj/robotics/CurveFitting) by extension 'ignore'
[0.221s] colcon.colcon_core.package_identification Level 1 _identify(/home/dj/robotics/CurveFitting) by extension 'ignore_ament_install'
[0.221s] colcon.colcon_core.package_identification Level 1 _identify(/home/dj/robotics/CurveFitting) by extensions ['colcon_pkg']
[0.221s] colcon.colcon_core.package_identification Level 1 _identify(/home/dj/robotics/CurveFitting) by extension 'colcon_pkg'
[0.221s] colcon.colcon_core.package_identification Level 1 _identify(/home/dj/robotics/CurveFitting) by extensions ['colcon_meta']
[0.221s] colcon.colcon_core.package_identification Level 1 _identify(/home/dj/robotics/CurveFitting) by extension 'colcon_meta'
[0.221s] colcon.colcon_core.package_identification Level 1 _identify(/home/dj/robotics/CurveFitting) by extensions ['ros']
[0.221s] colcon.colcon_core.package_identification Level 1 _identify(/home/dj/robotics/CurveFitting) by extension 'ros'
[0.228s] colcon.colcon_core.package_identification Level 1 _identify(/home/dj/robotics/CurveFitting) by extensions ['cmake', 'python']
[0.228s] colcon.colcon_core.package_identification Level 1 _identify(/home/dj/robotics/CurveFitting) by extension 'cmake'
[0.230s] colcon.colcon_core.package_identification Level 1 _identify(/home/dj/robotics/CurveFitting) by extension 'python'
[0.231s] colcon.colcon_core.package_identification DEBUG Package '/home/dj/robotics/CurveFitting' with type 'cmake' and name 'curve'
[0.231s] colcon.colcon_core.package_discovery Level 1 discover_packages(recursive) using defaults
